c:\users\reuben_2\source\repos\kiwiframework\kiwiframework\triggers\debug\vc141.pdb
c:\users\reuben_2\source\repos\kiwiframework\kiwiframework\triggers\debug\vc141.idb
c:\users\reuben_2\source\repos\kiwiframework\kiwiframework\triggers\debug\driver.obj
c:\users\reuben_2\source\repos\kiwiframework\kiwiframework\triggers\debug\animatic.obj
c:\users\reuben_2\source\repos\kiwiframework\kiwiframework\triggers\debug\region.obj
c:\users\reuben_2\source\repos\kiwiframework\kiwiframework\triggers\debug\libraryload.obj
c:\users\reuben_2\source\repos\kiwiframework\kiwiframework\triggers\debug\library.obj
c:\users\reuben_2\source\repos\kiwiframework\kiwiframework\triggers\debug\button.obj
c:\users\reuben_2\source\repos\kiwiframework\kiwiframework\debug\triggers.exe
c:\users\reuben_2\source\repos\kiwiframework\kiwiframework\debug\triggers.ilk
c:\users\reuben_2\source\repos\kiwiframework\kiwiframework\debug\triggers.pdb
c:\users\reuben_2\source\repos\kiwiframework\kiwiframework\triggers\debug\vcpkg.applocal.log
c:\users\reuben_2\source\repos\kiwiframework\kiwiframework\debug\sfml-graphics-d-2.dll
c:\users\reuben_2\source\repos\kiwiframework\kiwiframework\debug\sfml-window-d-2.dll
c:\users\reuben_2\source\repos\kiwiframework\kiwiframework\debug\sfml-system-d-2.dll
c:\users\reuben_2\source\repos\kiwiframework\kiwiframework\debug\freetyped.dll
c:\users\reuben_2\source\repos\kiwiframework\kiwiframework\debug\zlibd1.dll
c:\users\reuben_2\source\repos\kiwiframework\kiwiframework\debug\libbz2d.dll
c:\users\reuben_2\source\repos\kiwiframework\kiwiframework\debug\libpng16d.dll
c:\users\reuben_2\source\repos\kiwiframework\kiwiframework\triggers\debug\triggers.tlog\cl.command.1.tlog
c:\users\reuben_2\source\repos\kiwiframework\kiwiframework\triggers\debug\triggers.tlog\cl.read.1.tlog
c:\users\reuben_2\source\repos\kiwiframework\kiwiframework\triggers\debug\triggers.tlog\cl.write.1.tlog
c:\users\reuben_2\source\repos\kiwiframework\kiwiframework\triggers\debug\triggers.tlog\link.command.1.tlog
c:\users\reuben_2\source\repos\kiwiframework\kiwiframework\triggers\debug\triggers.tlog\link.read.1.tlog
c:\users\reuben_2\source\repos\kiwiframework\kiwiframework\triggers\debug\triggers.tlog\link.write.1.tlog
c:\users\reuben_2\source\repos\kiwiframework\kiwiframework\triggers\debug\triggers.tlog\triggers.write.1u.tlog
