c:\users\reuben_2\source\repos\kiwiframework\kiwiframework\kiwiframework\debug\vc141.pdb
c:\users\reuben_2\source\repos\kiwiframework\kiwiframework\kiwiframework\debug\vc141.idb
c:\users\reuben_2\source\repos\kiwiframework\kiwiframework\kiwiframework\debug\framework.obj
c:\users\reuben_2\source\repos\kiwiframework\kiwiframework\kiwiframework\debug\driver.obj
c:\users\reuben_2\source\repos\kiwiframework\kiwiframework\kiwiframework\debug\buttonmanager.obj
c:\users\reuben_2\source\repos\kiwiframework\kiwiframework\kiwiframework\debug\button.obj
c:\users\reuben_2\source\repos\kiwiframework\kiwiframework\kiwiframework\debug\applicationevent.obj
c:\users\reuben_2\source\repos\kiwiframework\kiwiframework\kiwiframework\debug\vcpkg.applocal.log
c:\users\reuben_2\source\repos\kiwiframework\kiwiframework\debug\sfml-graphics-d-2.dll
c:\users\reuben_2\source\repos\kiwiframework\kiwiframework\debug\sfml-window-d-2.dll
c:\users\reuben_2\source\repos\kiwiframework\kiwiframework\debug\sfml-system-d-2.dll
c:\users\reuben_2\source\repos\kiwiframework\kiwiframework\debug\freetyped.dll
c:\users\reuben_2\source\repos\kiwiframework\kiwiframework\debug\zlibd1.dll
c:\users\reuben_2\source\repos\kiwiframework\kiwiframework\debug\libbz2d.dll
c:\users\reuben_2\source\repos\kiwiframework\kiwiframework\debug\libpng16d.dll
c:\users\reuben_2\source\repos\kiwiframework\kiwiframework\debug\kiwiframework.exe
c:\users\reuben_2\source\repos\kiwiframework\kiwiframework\debug\kiwiframework.ilk
c:\users\reuben_2\source\repos\kiwiframework\kiwiframework\debug\kiwiframework.pdb
c:\users\reuben_2\source\repos\kiwiframework\kiwiframework\kiwiframework\debug\kiwiframework.tlog\cl.command.1.tlog
c:\users\reuben_2\source\repos\kiwiframework\kiwiframework\kiwiframework\debug\kiwiframework.tlog\cl.read.1.tlog
c:\users\reuben_2\source\repos\kiwiframework\kiwiframework\kiwiframework\debug\kiwiframework.tlog\cl.write.1.tlog
c:\users\reuben_2\source\repos\kiwiframework\kiwiframework\kiwiframework\debug\kiwiframework.tlog\kiwiframework.write.1u.tlog
c:\users\reuben_2\source\repos\kiwiframework\kiwiframework\kiwiframework\debug\kiwiframework.tlog\link.command.1.tlog
c:\users\reuben_2\source\repos\kiwiframework\kiwiframework\kiwiframework\debug\kiwiframework.tlog\link.read.1.tlog
c:\users\reuben_2\source\repos\kiwiframework\kiwiframework\kiwiframework\debug\kiwiframework.tlog\link.write.1.tlog
